  [1m[36m (1.5ms)[0m  [1mCREATE TABLE "schema_migrations" ("version" varchar NOT NULL) [0m
  [1m[35m (0.1ms)[0m  select sqlite_version(*)
  [1m[36m (0.6ms)[0m  [1mCREATE UNIQUE INDEX "unique_schema_migrations" ON "schema_migrations" ("version")[0m
  [1m[35mActiveRecord::SchemaMigration Load (0.1ms)[0m  SELECT "schema_migrations".* FROM "schema_migrations"
Migrating to CreateMovies (20170413050549)
  [1m[36m (0.1ms)[0m  [1mbegin transaction[0m
  [1m[35m (0.4ms)[0m  CREATE TABLE "movies" ("id" INTEGER PRIMARY KEY AUTOINCREMENT NOT NULL, "title" varchar, "information" text, "created_at" datetime NOT NULL, "updated_at" datetime NOT NULL) 
  [1m[36mSQL (0.3ms)[0m  [1mINSERT INTO "schema_migrations" ("version") VALUES (?)[0m  [["version", "20170413050549"]]
  [1m[35m (0.7ms)[0m  commit transaction
  [1m[36mActiveRecord::SchemaMigration Load (0.1ms)[0m  [1mSELECT "schema_migrations".* FROM "schema_migrations"[0m


Started GET "/" for ::1 at 2017-04-20 13:47:07 +0900
  [1m[36mActiveRecord::SchemaMigration Load (0.4ms)[0m  [1mSELECT "schema_migrations".* FROM "schema_migrations"[0m
Processing by WelcomController#index as HTML
  Rendered welcom/index.html.erb within layouts/application (4.7ms)
Completed 200 OK in 675ms (Views: 665.6ms | ActiveRecord: 0.0ms)


Started GET "/" for ::1 at 2017-04-20 13:47:11 +0900
Processing by WelcomController#index as HTML
  Rendered welcom/index.html.erb within layouts/application (0.4ms)
Completed 200 OK in 23ms (Views: 22.0ms | ActiveRecord: 0.0ms)


Started GET "/movies" for ::1 at 2017-04-20 13:47:12 +0900
Processing by MoviesController#index as HTML
  [1m[35mMovie Load (0.5ms)[0m  SELECT "movies".* FROM "movies"
  Rendered movies/index.html.erb within layouts/application (2.5ms)
Completed 200 OK in 39ms (Views: 31.7ms | ActiveRecord: 0.6ms)


Started GET "/movies/new" for ::1 at 2017-04-20 13:47:13 +0900
Processing by MoviesController#new as HTML
  Rendered movies/_form.html.erb (22.8ms)
  Rendered movies/new.html.erb within layouts/application (31.6ms)
Completed 200 OK in 50ms (Views: 46.0ms | ActiveRecord: 0.2ms)


Started POST "/movies" for ::1 at 2017-04-20 13:47:16 +0900
Processing by MoviesController#create as HTML
  Parameters: {"utf8"=>"✓", "authenticity_token"=>"s6XavQ2qwKieVbBUQKUH5RoVEwzzceTaHA+L85EfNpTs6ZThQfC3i1CKYiC16BMqbKcmX8YjA8/XPalg9nN1/A==", "movie"=>{"title"=>"dsad", "information"=>"asd"}, "commit"=>"Create Movie"}
  [1m[36m (0.7ms)[0m  [1mbegin transaction[0m
  [1m[35m (0.1ms)[0m  rollback transaction
  Rendered movies/_form.html.erb (1.9ms)
  Rendered movies/new.html.erb within layouts/application (3.1ms)
Completed 200 OK in 34ms (Views: 24.3ms | ActiveRecord: 0.8ms)
